;  LST file generated by mikroListExporter - v.2.0 
; Date/Time: 26-Jul-23 1:25:13 AM
;----------------------------------------------

;Address Opcode 	ASM
0x0000	0x2816      	GOTO       22
_____DoICP:
;__Lib_System.c,6 :: 		
;__Lib_System.c,9 :: 		
0x0003	0x1283      	BCF        STATUS, 5
0x0004	0x1303      	BCF        STATUS, 6
0x0005	0x0829      	MOVF       ___DoICPAddr+1, 0
0x0006	0x008A      	MOVWF      PCLATH
;__Lib_System.c,10 :: 		
0x0007	0x0828      	MOVF       ___DoICPAddr, 0
0x0008	0x0082      	MOVWF      PCL
;__Lib_System.c,12 :: 		
L_end_____DoICP:
0x0009	0x0008      	RETURN
; end of _____DoICP
___CC2DW:
;__Lib_System.c,134 :: 		
;__Lib_System.c,137 :: 		
_CC2D_Loop1:
;__Lib_System.c,139 :: 		
0x000A	0x2003      	CALL       _____DoICP
0x000B	0x118A      	BCF        PCLATH, 3
0x000C	0x120A      	BCF        PCLATH, 4
;__Lib_System.c,141 :: 		
0x000D	0x0080      	MOVWF      INDF
;__Lib_System.c,142 :: 		
0x000E	0x0A84      	INCF       FSR, 1
;__Lib_System.c,143 :: 		
0x000F	0x0AA8      	INCF       ___DoICPAddr, 1
;__Lib_System.c,145 :: 		
0x0010	0x1903      	BTFSC      STATUS, 2
;__Lib_System.c,146 :: 		
0x0011	0x0AA9      	INCF       ___DoICPAddr+1, 1
;__Lib_System.c,147 :: 		
0x0012	0x03F0      	DECF       R0, 1
;__Lib_System.c,149 :: 		
0x0013	0x1D03      	BTFSS      STATUS, 2
;__Lib_System.c,150 :: 		
0x0014	0x280A      	GOTO       _CC2D_Loop1
;__Lib_System.c,152 :: 		
L_end___CC2DW:
0x0015	0x0008      	RETURN
; end of ___CC2DW
_main:
0x0016	0x3023      	MOVLW      35
0x0017	0x1283      	BCF        STATUS, 5
0x0018	0x1303      	BCF        STATUS, 6
0x0019	0x00A0      	MOVWF      _arr
0x001A	0x01A1      	CLRF       33
0x001B	0x3015      	MOVLW      21
0x001C	0x00A2      	MOVWF      34
0x001D	0x01A3      	CLRF       35
0x001E	0x3001      	MOVLW      1
0x001F	0x00A4      	MOVWF      _tmp
0x0020	0x01A5      	CLRF       37
0x0021	0x01A6      	CLRF       _i
0x0022	0x01A7      	CLRF       39
;MyProject.c,3 :: 		void main(void)
;MyProject.c,5 :: 		trisb = 0x00;
0x0023	0x1683      	BSF        STATUS, 5
0x0024	0x0186      	CLRF       TRISB
;MyProject.c,6 :: 		trisc = 0x00;
0x0025	0x0187      	CLRF       TRISC
;MyProject.c,7 :: 		trisd = 0x60;
0x0026	0x3060      	MOVLW      96
0x0027	0x0088      	MOVWF      TRISD
;MyProject.c,8 :: 		portb = 0x00;
0x0028	0x1283      	BCF        STATUS, 5
0x0029	0x0186      	CLRF       PORTB
;MyProject.c,9 :: 		portc = 0x00;
0x002A	0x0187      	CLRF       PORTC
;MyProject.c,10 :: 		portd.B7 = 1;
0x002B	0x1788      	BSF        PORTD, 7
;MyProject.c,12 :: 		while(1)
L_main0:
;MyProject.c,14 :: 		portb = arr[i];
0x002C	0x0826      	MOVF       _i, 0
0x002D	0x00F0      	MOVWF      R0
0x002E	0x0827      	MOVF       _i+1, 0
0x002F	0x00F1      	MOVWF      R0+1
0x0030	0x0DF0      	RLF        R0, 1
0x0031	0x0DF1      	RLF        R0+1, 1
0x0032	0x1070      	BCF        R0, 0
0x0033	0x0870      	MOVF       R0, 0
0x0034	0x3E20      	ADDLW      _arr
0x0035	0x0084      	MOVWF      FSR
0x0036	0x0800      	MOVF       INDF, 0
0x0037	0x0086      	MOVWF      PORTB
;MyProject.c,15 :: 		delay_ms(500);
0x0038	0x3006      	MOVLW      6
0x0039	0x00FB      	MOVWF      R11
0x003A	0x3013      	MOVLW      19
0x003B	0x00FC      	MOVWF      R12
0x003C	0x30AD      	MOVLW      173
0x003D	0x00FD      	MOVWF      R13
L_main2:
0x003E	0x0BFD      	DECFSZ     R13, 1
0x003F	0x283E      	GOTO       L_main2
0x0040	0x0BFC      	DECFSZ     R12, 1
0x0041	0x283E      	GOTO       L_main2
0x0042	0x0BFB      	DECFSZ     R11, 1
0x0043	0x283E      	GOTO       L_main2
0x0044	0x0000      	NOP
0x0045	0x0000      	NOP
;MyProject.c,16 :: 		while(portd.B7){
L_main3:
0x0046	0x1F88      	BTFSS      PORTD, 7
0x0047	0x289D      	GOTO       L_main4
;MyProject.c,17 :: 		if(portd.B6 == 0)
0x0048	0x1B08      	BTFSC      PORTD, 6
0x0049	0x284B      	GOTO       L_main5
;MyProject.c,18 :: 		portd.B7 = 0;
0x004A	0x1388      	BCF        PORTD, 7
L_main5:
;MyProject.c,19 :: 		if(i == 0){
0x004B	0x3000      	MOVLW      0
0x004C	0x0627      	XORWF      _i+1, 0
0x004D	0x1D03      	BTFSS      STATUS, 2
0x004E	0x2851      	GOTO       L__main25
0x004F	0x3000      	MOVLW      0
0x0050	0x0626      	XORWF      _i, 0
L__main25:
0x0051	0x1D03      	BTFSS      STATUS, 2
0x0052	0x285C      	GOTO       L_main6
;MyProject.c,20 :: 		portc = 0x21;
0x0053	0x3021      	MOVLW      33
0x0054	0x0087      	MOVWF      PORTC
;MyProject.c,21 :: 		if(portb <= 0x03){
0x0055	0x0806      	MOVF       PORTB, 0
0x0056	0x3C03      	SUBLW      3
0x0057	0x1C03      	BTFSS      STATUS, 0
0x0058	0x285B      	GOTO       L_main7
;MyProject.c,22 :: 		portc = 0x11;
0x0059	0x3011      	MOVLW      17
0x005A	0x0087      	MOVWF      PORTC
;MyProject.c,23 :: 		}
L_main7:
;MyProject.c,24 :: 		}
0x005B	0x2864      	GOTO       L_main8
L_main6:
;MyProject.c,26 :: 		portc = 0x0c;
0x005C	0x300C      	MOVLW      12
0x005D	0x0087      	MOVWF      PORTC
;MyProject.c,27 :: 		if(portb <= 0x03){
0x005E	0x0806      	MOVF       PORTB, 0
0x005F	0x3C03      	SUBLW      3
0x0060	0x1C03      	BTFSS      STATUS, 0
0x0061	0x2864      	GOTO       L_main9
;MyProject.c,28 :: 		portc = 0x0a;
0x0062	0x300A      	MOVLW      10
0x0063	0x0087      	MOVWF      PORTC
;MyProject.c,29 :: 		}
L_main9:
;MyProject.c,30 :: 		}
L_main8:
;MyProject.c,32 :: 		portb--;
0x0064	0x0306      	DECF       PORTB, 0
0x0065	0x00F0      	MOVWF      R0
0x0066	0x0870      	MOVF       R0, 0
0x0067	0x0086      	MOVWF      PORTB
;MyProject.c,33 :: 		delay_ms(500);
0x0068	0x3006      	MOVLW      6
0x0069	0x00FB      	MOVWF      R11
0x006A	0x3013      	MOVLW      19
0x006B	0x00FC      	MOVWF      R12
0x006C	0x30AD      	MOVLW      173
0x006D	0x00FD      	MOVWF      R13
L_main10:
0x006E	0x0BFD      	DECFSZ     R13, 1
0x006F	0x286E      	GOTO       L_main10
0x0070	0x0BFC      	DECFSZ     R12, 1
0x0071	0x286E      	GOTO       L_main10
0x0072	0x0BFB      	DECFSZ     R11, 1
0x0073	0x286E      	GOTO       L_main10
0x0074	0x0000      	NOP
0x0075	0x0000      	NOP
;MyProject.c,34 :: 		if(portb == 0x00){
0x0076	0x0806      	MOVF       PORTB, 0
0x0077	0x3A00      	XORLW      0
0x0078	0x1D03      	BTFSS      STATUS, 2
0x0079	0x287B      	GOTO       L_main11
;MyProject.c,35 :: 		break;
0x007A	0x289D      	GOTO       L_main4
;MyProject.c,36 :: 		}
L_main11:
;MyProject.c,37 :: 		if(!(portb & 0x0f)){
0x007B	0x300F      	MOVLW      15
0x007C	0x0506      	ANDWF      PORTB, 0
0x007D	0x00F0      	MOVWF      R0
0x007E	0x1D03      	BTFSS      STATUS, 2
0x007F	0x289C      	GOTO       L_main12
;MyProject.c,38 :: 		portb -= 0x10;
0x0080	0x3010      	MOVLW      16
0x0081	0x0286      	SUBWF      PORTB, 1
;MyProject.c,39 :: 		portb.B0 = portb.B3 = 1;
0x0082	0x1586      	BSF        PORTB, 3
0x0083	0x1986      	BTFSC      PORTB, 3
0x0084	0x2887      	GOTO       L__main26
0x0085	0x1006      	BCF        PORTB, 0
0x0086	0x2888      	GOTO       L__main27
L__main26:
0x0087	0x1406      	BSF        PORTB, 0
L__main27:
;MyProject.c,40 :: 		portb.B1 = portb.B2 = 0;
0x0088	0x1106      	BCF        PORTB, 2
0x0089	0x1906      	BTFSC      PORTB, 2
0x008A	0x288D      	GOTO       L__main28
0x008B	0x1086      	BCF        PORTB, 1
0x008C	0x288E      	GOTO       L__main29
L__main28:
0x008D	0x1486      	BSF        PORTB, 1
L__main29:
;MyProject.c,41 :: 		delay_ms(500);
0x008E	0x3006      	MOVLW      6
0x008F	0x00FB      	MOVWF      R11
0x0090	0x3013      	MOVLW      19
0x0091	0x00FC      	MOVWF      R12
0x0092	0x30AD      	MOVLW      173
0x0093	0x00FD      	MOVWF      R13
L_main13:
0x0094	0x0BFD      	DECFSZ     R13, 1
0x0095	0x2894      	GOTO       L_main13
0x0096	0x0BFC      	DECFSZ     R12, 1
0x0097	0x2894      	GOTO       L_main13
0x0098	0x0BFB      	DECFSZ     R11, 1
0x0099	0x2894      	GOTO       L_main13
0x009A	0x0000      	NOP
0x009B	0x0000      	NOP
;MyProject.c,42 :: 		}
L_main12:
;MyProject.c,44 :: 		}
0x009C	0x2846      	GOTO       L_main3
L_main4:
;MyProject.c,45 :: 		if(portd.B6 == 0){
0x009D	0x1B08      	BTFSC      PORTD, 6
0x009E	0x28DF      	GOTO       L_main14
;MyProject.c,46 :: 		portd.B7 = 0;
0x009F	0x1388      	BCF        PORTD, 7
;MyProject.c,47 :: 		if(portd.B5 != 0){
0x00A0	0x1E88      	BTFSS      PORTD, 5
0x00A1	0x28C1      	GOTO       L_main15
;MyProject.c,48 :: 		if(tmp == 1){
0x00A2	0x3000      	MOVLW      0
0x00A3	0x0625      	XORWF      _tmp+1, 0
0x00A4	0x1D03      	BTFSS      STATUS, 2
0x00A5	0x28A8      	GOTO       L__main30
0x00A6	0x3001      	MOVLW      1
0x00A7	0x0624      	XORWF      _tmp, 0
L__main30:
0x00A8	0x1D03      	BTFSS      STATUS, 2
0x00A9	0x28BE      	GOTO       L_main16
;MyProject.c,49 :: 		portc = 0x12;
0x00AA	0x3012      	MOVLW      18
0x00AB	0x0087      	MOVWF      PORTC
;MyProject.c,50 :: 		delay_ms(1000);
0x00AC	0x300B      	MOVLW      11
0x00AD	0x00FB      	MOVWF      R11
0x00AE	0x3026      	MOVLW      38
0x00AF	0x00FC      	MOVWF      R12
0x00B0	0x305D      	MOVLW      93
0x00B1	0x00FD      	MOVWF      R13
L_main17:
0x00B2	0x0BFD      	DECFSZ     R13, 1
0x00B3	0x28B2      	GOTO       L_main17
0x00B4	0x0BFC      	DECFSZ     R12, 1
0x00B5	0x28B2      	GOTO       L_main17
0x00B6	0x0BFB      	DECFSZ     R11, 1
0x00B7	0x28B2      	GOTO       L_main17
0x00B8	0x0000      	NOP
0x00B9	0x0000      	NOP
;MyProject.c,51 :: 		tmp--;
0x00BA	0x3001      	MOVLW      1
0x00BB	0x02A4      	SUBWF      _tmp, 1
0x00BC	0x1C03      	BTFSS      STATUS, 0
0x00BD	0x03A5      	DECF       _tmp+1, 1
;MyProject.c,52 :: 		}
L_main16:
;MyProject.c,53 :: 		portc = 0x21;
0x00BE	0x3021      	MOVLW      33
0x00BF	0x0087      	MOVWF      PORTC
;MyProject.c,54 :: 		}
0x00C0	0x28DE      	GOTO       L_main18
L_main15:
;MyProject.c,56 :: 		if(tmp == 0){
0x00C1	0x3000      	MOVLW      0
0x00C2	0x0625      	XORWF      _tmp+1, 0
0x00C3	0x1D03      	BTFSS      STATUS, 2
0x00C4	0x28C7      	GOTO       L__main31
0x00C5	0x3000      	MOVLW      0
0x00C6	0x0624      	XORWF      _tmp, 0
L__main31:
0x00C7	0x1D03      	BTFSS      STATUS, 2
0x00C8	0x28DC      	GOTO       L_main19
;MyProject.c,57 :: 		portc = 0x12;
0x00C9	0x3012      	MOVLW      18
0x00CA	0x0087      	MOVWF      PORTC
;MyProject.c,58 :: 		delay_ms(1000);
0x00CB	0x300B      	MOVLW      11
0x00CC	0x00FB      	MOVWF      R11
0x00CD	0x3026      	MOVLW      38
0x00CE	0x00FC      	MOVWF      R12
0x00CF	0x305D      	MOVLW      93
0x00D0	0x00FD      	MOVWF      R13
L_main20:
0x00D1	0x0BFD      	DECFSZ     R13, 1
0x00D2	0x28D1      	GOTO       L_main20
0x00D3	0x0BFC      	DECFSZ     R12, 1
0x00D4	0x28D1      	GOTO       L_main20
0x00D5	0x0BFB      	DECFSZ     R11, 1
0x00D6	0x28D1      	GOTO       L_main20
0x00D7	0x0000      	NOP
0x00D8	0x0000      	NOP
;MyProject.c,59 :: 		tmp++;
0x00D9	0x0AA4      	INCF       _tmp, 1
0x00DA	0x1903      	BTFSC      STATUS, 2
0x00DB	0x0AA5      	INCF       _tmp+1, 1
;MyProject.c,60 :: 		}
L_main19:
;MyProject.c,61 :: 		portc = 0x0c;
0x00DC	0x300C      	MOVLW      12
0x00DD	0x0087      	MOVWF      PORTC
;MyProject.c,62 :: 		}
L_main18:
;MyProject.c,63 :: 		}
0x00DE	0x28E0      	GOTO       L_main21
L_main14:
;MyProject.c,65 :: 		portd.B7 = 1;
0x00DF	0x1788      	BSF        PORTD, 7
L_main21:
;MyProject.c,66 :: 		if(i == 0)
0x00E0	0x3000      	MOVLW      0
0x00E1	0x0627      	XORWF      _i+1, 0
0x00E2	0x1D03      	BTFSS      STATUS, 2
0x00E3	0x28E6      	GOTO       L__main32
0x00E4	0x3000      	MOVLW      0
0x00E5	0x0626      	XORWF      _i, 0
L__main32:
0x00E6	0x1D03      	BTFSS      STATUS, 2
0x00E7	0x28ED      	GOTO       L_main22
;MyProject.c,67 :: 		i = 1;
0x00E8	0x3001      	MOVLW      1
0x00E9	0x00A6      	MOVWF      _i
0x00EA	0x3000      	MOVLW      0
0x00EB	0x00A7      	MOVWF      _i+1
0x00EC	0x28EF      	GOTO       L_main23
L_main22:
;MyProject.c,69 :: 		i = 0;
0x00ED	0x01A6      	CLRF       _i
0x00EE	0x01A7      	CLRF       _i+1
L_main23:
;MyProject.c,70 :: 		}
0x00EF	0x282C      	GOTO       L_main0
;MyProject.c,71 :: 		}
L_end_main:
0x00F0	0x28F0      	GOTO       $+0
; end of _main
Symbol List:
//** Routines locations **
//ADDRESS    SIZE    PROCEDURE
//----------------------------------------------
0x0003       [7]    _____DoICP
0x000A      [12]    ___CC2DW
0x0016     [219]    _main
//** Variables locations ** 
//ADDRESS    SIZE    VARIABLE
//----------------------------------------------
0x0000       [1]    INDF
0x0002       [1]    PCL
0x0003       [1]    STATUS
0x0004       [1]    FSR
0x0006       [1]    PORTB
0x0007       [1]    PORTC
0x0008       [1]    PORTD
0x000A       [1]    PCLATH
0x0020       [4]    _arr
0x0024       [2]    _tmp
0x0026       [2]    _i
0x0028       [2]    ___DoICPAddr
0x0070       [1]    R0
0x0071       [1]    R1
0x0072       [1]    R2
0x0073       [1]    R3
0x0074       [1]    R4
0x0075       [1]    R5
0x0076       [1]    R6
0x0077       [1]    R7
0x0078       [1]    R8
0x0079       [1]    R9
0x007A       [1]    R10
0x007B       [1]    R11
0x007C       [1]    R12
0x007D       [1]    R13
0x007E       [1]    R14
0x007F       [1]    R15
0x0086       [1]    TRISB
0x0087       [1]    TRISC
0x0088       [1]    TRISD
//** Label List: ** 
//----------------------------------------------
  L_main0
  L_main1
  L_main2
  L_main3
  L_main4
  L_main5
  L_main6
  L_main7
  L_main8
  L_main9
  L_main10
  L_main11
  L_main12
  L_main13
  L_main14
  L_main15
  L_main16
  L_main17
  L_main18
  L_main19
  L_main20
  L_main21
  L_main22
  L_main23
  L_end_main
  _main
  L__main25
  L__main26
  L__main27
  L__main28
  L__main29
  L__main30
  L__main31
  L__main32
  L_loopCA2AWs
  L_CA2AWend
  _CCA2AW_Loop1
  L_loopCS2Ss
  L_CS2Send
  _CCS2S_Loop1
  L_CCS2Send
  L_loopFZinSWs
  L_FZinSend
  _CC2D_Loop1
  L_end_____DoICP
  _____DoICP
  L_end_____DoIFC
  _____DoIFC
  L_end___CA2AW
  ___CA2AW
  L_end___CCA2AW
  ___CCA2AW
  L_end___CS2S
  ___CS2S
  L_end___CCS2S
  ___CCS2S
  L_end___FZinS
  ___FZinS
  L_end___CC2DW
  ___CC2DW
  L_end_Swap
  _Swap
